# Logfile created on 2014-01-07 13:31:50 +0200 by logger.rb/44203
I, [2014-01-07T13:31:50.567376 #6589]  INFO -- : 0:  i18n (0.6.9) from /home/vladimir/.rvm/gems/ruby-2.1.0/specifications/i18n-0.6.9.gemspec
I, [2014-01-07T13:31:50.567605 #6589]  INFO -- : 0:  multi_json (1.8.2) from /home/vladimir/.rvm/gems/ruby-2.1.0/specifications/multi_json-1.8.2.gemspec
I, [2014-01-07T13:31:50.567776 #6589]  INFO -- : 0:  activesupport (3.2.16) from /home/vladimir/.rvm/gems/ruby-2.1.0/specifications/activesupport-3.2.16.gemspec
I, [2014-01-07T13:31:50.567932 #6589]  INFO -- : 0:  bundler (1.5.1) from /home/vladimir/.rvm/gems/ruby-2.1.0@global/specifications/bundler-1.5.1.gemspec
I, [2014-01-07T13:31:50.568098 #6589]  INFO -- : 0:  chunky_png (1.2.9) from /home/vladimir/.rvm/gems/ruby-2.1.0/specifications/chunky_png-1.2.9.gemspec
I, [2014-01-07T13:31:50.568255 #6589]  INFO -- : 0:  coffee-script-source (1.6.3) from /home/vladimir/.rvm/gems/ruby-2.1.0/specifications/coffee-script-source-1.6.3.gemspec
I, [2014-01-07T13:31:50.568412 #6589]  INFO -- : 0:  execjs (1.4.0) from /home/vladimir/.rvm/gems/ruby-2.1.0/specifications/execjs-1.4.0.gemspec
I, [2014-01-07T13:31:50.568594 #6589]  INFO -- : 0:  coffee-script (2.2.0) from /home/vladimir/.rvm/gems/ruby-2.1.0/specifications/coffee-script-2.2.0.gemspec
I, [2014-01-07T13:31:50.568749 #6589]  INFO -- : 0:  fssm (0.2.10) from /home/vladimir/.rvm/gems/ruby-2.1.0/specifications/fssm-0.2.10.gemspec
I, [2014-01-07T13:31:50.568920 #6589]  INFO -- : 0:  sass (3.2.13) from /home/vladimir/.rvm/gems/ruby-2.1.0/specifications/sass-3.2.13.gemspec
I, [2014-01-07T13:31:50.569080 #6589]  INFO -- : 0:  compass (0.12.2) from /home/vladimir/.rvm/gems/ruby-2.1.0/specifications/compass-0.12.2.gemspec
I, [2014-01-07T13:31:50.569234 #6589]  INFO -- : 0:  eventmachine (1.0.3) from /home/vladimir/.rvm/gems/ruby-2.1.0/specifications/eventmachine-1.0.3.gemspec
I, [2014-01-07T13:31:50.569422 #6589]  INFO -- : 0:  http_parser.rb (0.5.3) from /home/vladimir/.rvm/gems/ruby-2.1.0/specifications/http_parser.rb-0.5.3.gemspec
I, [2014-01-07T13:31:50.569609 #6589]  INFO -- : 0:  em-websocket (0.5.0) from /home/vladimir/.rvm/gems/ruby-2.1.0/specifications/em-websocket-0.5.0.gemspec
I, [2014-01-07T13:31:50.569786 #6589]  INFO -- : 0:  ffi (1.9.3) from /home/vladimir/.rvm/gems/ruby-2.1.0/specifications/ffi-1.9.3.gemspec
I, [2014-01-07T13:31:50.569944 #6589]  INFO -- : 0:  tilt (1.4.1) from /home/vladimir/.rvm/gems/ruby-2.1.0/specifications/tilt-1.4.1.gemspec
I, [2014-01-07T13:31:50.570099 #6589]  INFO -- : 0:  haml (4.0.4) from /home/vladimir/.rvm/gems/ruby-2.1.0/specifications/haml-4.0.4.gemspec
I, [2014-01-07T13:31:50.570261 #6589]  INFO -- : 0:  hike (1.2.3) from /home/vladimir/.rvm/gems/ruby-2.1.0/specifications/hike-1.2.3.gemspec
I, [2014-01-07T13:31:50.570415 #6589]  INFO -- : 0:  kramdown (1.3.1) from /home/vladimir/.rvm/gems/ruby-2.1.0/specifications/kramdown-1.3.1.gemspec
I, [2014-01-07T13:31:50.570571 #6589]  INFO -- : 0:  rb-fsevent (0.9.4) from /home/vladimir/.rvm/gems/ruby-2.1.0/specifications/rb-fsevent-0.9.4.gemspec
I, [2014-01-07T13:31:50.570733 #6589]  INFO -- : 0:  rb-inotify (0.9.3) from /home/vladimir/.rvm/gems/ruby-2.1.0/specifications/rb-inotify-0.9.3.gemspec
I, [2014-01-07T13:31:50.570904 #6589]  INFO -- : 0:  rb-kqueue (0.2.0) from /home/vladimir/.rvm/gems/ruby-2.1.0/specifications/rb-kqueue-0.2.0.gemspec
I, [2014-01-07T13:31:50.571069 #6589]  INFO -- : 0:  listen (1.3.1) from /home/vladimir/.rvm/gems/ruby-2.1.0/specifications/listen-1.3.1.gemspec
I, [2014-01-07T13:31:50.571232 #6589]  INFO -- : 0:  rack (1.5.2) from /home/vladimir/.rvm/gems/ruby-2.1.0/specifications/rack-1.5.2.gemspec
I, [2014-01-07T13:31:50.571396 #6589]  INFO -- : 0:  rack-test (0.6.2) from /home/vladimir/.rvm/gems/ruby-2.1.0/specifications/rack-test-0.6.2.gemspec
I, [2014-01-07T13:31:50.571559 #6589]  INFO -- : 0:  thor (0.18.1) from /home/vladimir/.rvm/gems/ruby-2.1.0/specifications/thor-0.18.1.gemspec
I, [2014-01-07T13:31:50.571722 #6589]  INFO -- : 0:  middleman-core (3.2.1) from /home/vladimir/.rvm/gems/ruby-2.1.0/specifications/middleman-core-3.2.1.gemspec
I, [2014-01-07T13:31:50.571936 #6589]  INFO -- : 0:  sprockets (2.10.1) from /home/vladimir/.rvm/gems/ruby-2.1.0/specifications/sprockets-2.10.1.gemspec
I, [2014-01-07T13:31:50.572118 #6589]  INFO -- : 0:  sprockets-helpers (1.0.1) from /home/vladimir/.rvm/gems/ruby-2.1.0/specifications/sprockets-helpers-1.0.1.gemspec
I, [2014-01-07T13:31:50.572302 #6589]  INFO -- : 0:  sprockets-sass (1.0.2) from /home/vladimir/.rvm/gems/ruby-2.1.0/specifications/sprockets-sass-1.0.2.gemspec
I, [2014-01-07T13:31:50.572468 #6589]  INFO -- : 0:  middleman-sprockets (3.2.0) from /home/vladimir/.rvm/gems/ruby-2.1.0/specifications/middleman-sprockets-3.2.0.gemspec
I, [2014-01-07T13:31:50.572640 #6589]  INFO -- : 0:  uglifier (2.1.2) from /home/vladimir/.rvm/gems/ruby-2.1.0/specifications/uglifier-2.1.2.gemspec
I, [2014-01-07T13:31:50.572802 #6589]  INFO -- : 0:  middleman (3.2.1) from /home/vladimir/.rvm/gems/ruby-2.1.0/specifications/middleman-3.2.1.gemspec
I, [2014-01-07T13:31:50.572985 #6589]  INFO -- : 0:  rack-livereload (0.3.15) from /home/vladimir/.rvm/gems/ruby-2.1.0/specifications/rack-livereload-0.3.15.gemspec
I, [2014-01-07T13:31:50.573148 #6589]  INFO -- : 0:  middleman-livereload (3.1.0) from /home/vladimir/.rvm/gems/ruby-2.1.0/specifications/middleman-livereload-3.1.0.gemspec
I, [2014-01-07T14:25:37.289210 #8010]  INFO -- : 0:  i18n (0.6.9) from /home/vladimir/.rvm/gems/ruby-2.1.0/specifications/i18n-0.6.9.gemspec
I, [2014-01-07T14:25:37.289524 #8010]  INFO -- : 0:  multi_json (1.8.2) from /home/vladimir/.rvm/gems/ruby-2.1.0/specifications/multi_json-1.8.2.gemspec
I, [2014-01-07T14:25:37.289729 #8010]  INFO -- : 0:  activesupport (3.2.16) from /home/vladimir/.rvm/gems/ruby-2.1.0/specifications/activesupport-3.2.16.gemspec
I, [2014-01-07T14:25:37.289919 #8010]  INFO -- : 0:  bundler (1.5.1) from /home/vladimir/.rvm/gems/ruby-2.1.0@global/specifications/bundler-1.5.1.gemspec
I, [2014-01-07T14:25:37.290107 #8010]  INFO -- : 0:  chunky_png (1.2.9) from /home/vladimir/.rvm/gems/ruby-2.1.0/specifications/chunky_png-1.2.9.gemspec
I, [2014-01-07T14:25:37.290289 #8010]  INFO -- : 0:  coffee-script-source (1.6.3) from /home/vladimir/.rvm/gems/ruby-2.1.0/specifications/coffee-script-source-1.6.3.gemspec
I, [2014-01-07T14:25:37.290479 #8010]  INFO -- : 0:  execjs (1.4.0) from /home/vladimir/.rvm/gems/ruby-2.1.0/specifications/execjs-1.4.0.gemspec
I, [2014-01-07T14:25:37.290666 #8010]  INFO -- : 0:  coffee-script (2.2.0) from /home/vladimir/.rvm/gems/ruby-2.1.0/specifications/coffee-script-2.2.0.gemspec
I, [2014-01-07T14:25:37.290859 #8010]  INFO -- : 0:  fssm (0.2.10) from /home/vladimir/.rvm/gems/ruby-2.1.0/specifications/fssm-0.2.10.gemspec
I, [2014-01-07T14:25:37.291041 #8010]  INFO -- : 0:  sass (3.2.13) from /home/vladimir/.rvm/gems/ruby-2.1.0/specifications/sass-3.2.13.gemspec
I, [2014-01-07T14:25:37.291226 #8010]  INFO -- : 0:  compass (0.12.2) from /home/vladimir/.rvm/gems/ruby-2.1.0/specifications/compass-0.12.2.gemspec
I, [2014-01-07T14:25:37.291408 #8010]  INFO -- : 0:  eventmachine (1.0.3) from /home/vladimir/.rvm/gems/ruby-2.1.0/specifications/eventmachine-1.0.3.gemspec
I, [2014-01-07T14:25:37.291590 #8010]  INFO -- : 0:  http_parser.rb (0.5.3) from /home/vladimir/.rvm/gems/ruby-2.1.0/specifications/http_parser.rb-0.5.3.gemspec
I, [2014-01-07T14:25:37.291778 #8010]  INFO -- : 0:  em-websocket (0.5.0) from /home/vladimir/.rvm/gems/ruby-2.1.0/specifications/em-websocket-0.5.0.gemspec
I, [2014-01-07T14:25:37.291957 #8010]  INFO -- : 0:  ffi (1.9.3) from /home/vladimir/.rvm/gems/ruby-2.1.0/specifications/ffi-1.9.3.gemspec
I, [2014-01-07T14:25:37.292134 #8010]  INFO -- : 0:  tilt (1.4.1) from /home/vladimir/.rvm/gems/ruby-2.1.0/specifications/tilt-1.4.1.gemspec
I, [2014-01-07T14:25:37.292318 #8010]  INFO -- : 0:  haml (4.0.4) from /home/vladimir/.rvm/gems/ruby-2.1.0/specifications/haml-4.0.4.gemspec
I, [2014-01-07T14:25:37.292497 #8010]  INFO -- : 0:  hike (1.2.3) from /home/vladimir/.rvm/gems/ruby-2.1.0/specifications/hike-1.2.3.gemspec
I, [2014-01-07T14:25:37.292675 #8010]  INFO -- : 0:  kramdown (1.3.1) from /home/vladimir/.rvm/gems/ruby-2.1.0/specifications/kramdown-1.3.1.gemspec
I, [2014-01-07T14:25:37.292841 #8010]  INFO -- : 0:  rb-fsevent (0.9.4) from /home/vladimir/.rvm/gems/ruby-2.1.0/specifications/rb-fsevent-0.9.4.gemspec
I, [2014-01-07T14:25:37.293023 #8010]  INFO -- : 0:  rb-inotify (0.9.3) from /home/vladimir/.rvm/gems/ruby-2.1.0/specifications/rb-inotify-0.9.3.gemspec
I, [2014-01-07T14:25:37.293227 #8010]  INFO -- : 0:  rb-kqueue (0.2.0) from /home/vladimir/.rvm/gems/ruby-2.1.0/specifications/rb-kqueue-0.2.0.gemspec
I, [2014-01-07T14:25:37.293440 #8010]  INFO -- : 0:  listen (1.3.1) from /home/vladimir/.rvm/gems/ruby-2.1.0/specifications/listen-1.3.1.gemspec
I, [2014-01-07T14:25:37.293624 #8010]  INFO -- : 0:  rack (1.5.2) from /home/vladimir/.rvm/gems/ruby-2.1.0/specifications/rack-1.5.2.gemspec
I, [2014-01-07T14:25:37.293803 #8010]  INFO -- : 0:  rack-test (0.6.2) from /home/vladimir/.rvm/gems/ruby-2.1.0/specifications/rack-test-0.6.2.gemspec
I, [2014-01-07T14:25:37.293989 #8010]  INFO -- : 0:  thor (0.18.1) from /home/vladimir/.rvm/gems/ruby-2.1.0/specifications/thor-0.18.1.gemspec
I, [2014-01-07T14:25:37.294166 #8010]  INFO -- : 0:  middleman-core (3.2.1) from /home/vladimir/.rvm/gems/ruby-2.1.0/specifications/middleman-core-3.2.1.gemspec
I, [2014-01-07T14:25:37.294351 #8010]  INFO -- : 0:  sprockets (2.10.1) from /home/vladimir/.rvm/gems/ruby-2.1.0/specifications/sprockets-2.10.1.gemspec
I, [2014-01-07T14:25:37.294537 #8010]  INFO -- : 0:  sprockets-helpers (1.0.1) from /home/vladimir/.rvm/gems/ruby-2.1.0/specifications/sprockets-helpers-1.0.1.gemspec
I, [2014-01-07T14:25:37.294708 #8010]  INFO -- : 0:  sprockets-sass (1.0.2) from /home/vladimir/.rvm/gems/ruby-2.1.0/specifications/sprockets-sass-1.0.2.gemspec
I, [2014-01-07T14:25:37.294871 #8010]  INFO -- : 0:  middleman-sprockets (3.2.0) from /home/vladimir/.rvm/gems/ruby-2.1.0/specifications/middleman-sprockets-3.2.0.gemspec
I, [2014-01-07T14:25:37.295038 #8010]  INFO -- : 0:  uglifier (2.1.2) from /home/vladimir/.rvm/gems/ruby-2.1.0/specifications/uglifier-2.1.2.gemspec
I, [2014-01-07T14:25:37.295227 #8010]  INFO -- : 0:  middleman (3.2.1) from /home/vladimir/.rvm/gems/ruby-2.1.0/specifications/middleman-3.2.1.gemspec
I, [2014-01-07T14:25:37.295409 #8010]  INFO -- : 0:  rack-livereload (0.3.15) from /home/vladimir/.rvm/gems/ruby-2.1.0/specifications/rack-livereload-0.3.15.gemspec
I, [2014-01-07T14:25:37.295610 #8010]  INFO -- : 0:  middleman-livereload (3.1.0) from /home/vladimir/.rvm/gems/ruby-2.1.0/specifications/middleman-livereload-3.1.0.gemspec
I, [2014-01-07T14:25:39.112454 #8010]  INFO -- : 0:  temple (0.6.7) from /home/vladimir/.rvm/gems/ruby-2.1.0/specifications/temple-0.6.7.gemspec
I, [2014-01-07T14:25:40.927918 #8010]  INFO -- : 0:  slim (2.0.2) from /home/vladimir/.rvm/gems/ruby-2.1.0/specifications/slim-2.0.2.gemspec
I, [2014-01-08T10:37:46.050806 #5877]  INFO -- : 0:  i18n (0.6.9) from /home/vladimir/.rvm/gems/ruby-2.1.0/specifications/i18n-0.6.9.gemspec
I, [2014-01-08T10:37:46.065792 #5877]  INFO -- : 0:  multi_json (1.8.2) from /home/vladimir/.rvm/gems/ruby-2.1.0/specifications/multi_json-1.8.2.gemspec
I, [2014-01-08T10:37:46.066417 #5877]  INFO -- : 0:  activesupport (3.2.16) from /home/vladimir/.rvm/gems/ruby-2.1.0/specifications/activesupport-3.2.16.gemspec
I, [2014-01-08T10:37:46.066741 #5877]  INFO -- : 0:  bundler (1.5.1) from /home/vladimir/.rvm/gems/ruby-2.1.0@global/specifications/bundler-1.5.1.gemspec
I, [2014-01-08T10:37:46.067084 #5877]  INFO -- : 0:  chunky_png (1.2.9) from /home/vladimir/.rvm/gems/ruby-2.1.0/specifications/chunky_png-1.2.9.gemspec
I, [2014-01-08T10:37:46.067392 #5877]  INFO -- : 0:  coffee-script-source (1.6.3) from /home/vladimir/.rvm/gems/ruby-2.1.0/specifications/coffee-script-source-1.6.3.gemspec
I, [2014-01-08T10:37:46.067698 #5877]  INFO -- : 0:  execjs (1.4.0) from /home/vladimir/.rvm/gems/ruby-2.1.0/specifications/execjs-1.4.0.gemspec
I, [2014-01-08T10:37:46.068089 #5877]  INFO -- : 0:  coffee-script (2.2.0) from /home/vladimir/.rvm/gems/ruby-2.1.0/specifications/coffee-script-2.2.0.gemspec
I, [2014-01-08T10:37:46.068475 #5877]  INFO -- : 0:  fssm (0.2.10) from /home/vladimir/.rvm/gems/ruby-2.1.0/specifications/fssm-0.2.10.gemspec
I, [2014-01-08T10:37:46.068849 #5877]  INFO -- : 0:  sass (3.2.13) from /home/vladimir/.rvm/gems/ruby-2.1.0/specifications/sass-3.2.13.gemspec
I, [2014-01-08T10:37:46.069187 #5877]  INFO -- : 0:  compass (0.12.2) from /home/vladimir/.rvm/gems/ruby-2.1.0/specifications/compass-0.12.2.gemspec
I, [2014-01-08T10:37:46.069456 #5877]  INFO -- : 0:  eventmachine (1.0.3) from /home/vladimir/.rvm/gems/ruby-2.1.0/specifications/eventmachine-1.0.3.gemspec
I, [2014-01-08T10:37:46.069699 #5877]  INFO -- : 0:  http_parser.rb (0.5.3) from /home/vladimir/.rvm/gems/ruby-2.1.0/specifications/http_parser.rb-0.5.3.gemspec
I, [2014-01-08T10:37:46.069947 #5877]  INFO -- : 0:  em-websocket (0.5.0) from /home/vladimir/.rvm/gems/ruby-2.1.0/specifications/em-websocket-0.5.0.gemspec
I, [2014-01-08T10:37:46.070143 #5877]  INFO -- : 0:  ffi (1.9.3) from /home/vladimir/.rvm/gems/ruby-2.1.0/specifications/ffi-1.9.3.gemspec
I, [2014-01-08T10:37:46.070332 #5877]  INFO -- : 0:  tilt (1.4.1) from /home/vladimir/.rvm/gems/ruby-2.1.0/specifications/tilt-1.4.1.gemspec
I, [2014-01-08T10:37:46.070528 #5877]  INFO -- : 0:  haml (4.0.4) from /home/vladimir/.rvm/gems/ruby-2.1.0/specifications/haml-4.0.4.gemspec
I, [2014-01-08T10:37:46.070714 #5877]  INFO -- : 0:  hike (1.2.3) from /home/vladimir/.rvm/gems/ruby-2.1.0/specifications/hike-1.2.3.gemspec
I, [2014-01-08T10:37:46.070901 #5877]  INFO -- : 0:  kramdown (1.3.1) from /home/vladimir/.rvm/gems/ruby-2.1.0/specifications/kramdown-1.3.1.gemspec
I, [2014-01-08T10:37:46.071094 #5877]  INFO -- : 0:  rb-fsevent (0.9.4) from /home/vladimir/.rvm/gems/ruby-2.1.0/specifications/rb-fsevent-0.9.4.gemspec
I, [2014-01-08T10:37:46.071301 #5877]  INFO -- : 0:  rb-inotify (0.9.3) from /home/vladimir/.rvm/gems/ruby-2.1.0/specifications/rb-inotify-0.9.3.gemspec
I, [2014-01-08T10:37:46.071508 #5877]  INFO -- : 0:  rb-kqueue (0.2.0) from /home/vladimir/.rvm/gems/ruby-2.1.0/specifications/rb-kqueue-0.2.0.gemspec
I, [2014-01-08T10:37:46.074127 #5877]  INFO -- : 0:  listen (1.3.1) from /home/vladimir/.rvm/gems/ruby-2.1.0/specifications/listen-1.3.1.gemspec
I, [2014-01-08T10:37:46.074363 #5877]  INFO -- : 0:  rack (1.5.2) from /home/vladimir/.rvm/gems/ruby-2.1.0/specifications/rack-1.5.2.gemspec
I, [2014-01-08T10:37:46.074540 #5877]  INFO -- : 0:  rack-test (0.6.2) from /home/vladimir/.rvm/gems/ruby-2.1.0/specifications/rack-test-0.6.2.gemspec
I, [2014-01-08T10:37:46.074763 #5877]  INFO -- : 0:  thor (0.18.1) from /home/vladimir/.rvm/gems/ruby-2.1.0/specifications/thor-0.18.1.gemspec
I, [2014-01-08T10:37:46.075019 #5877]  INFO -- : 0:  middleman-core (3.2.1) from /home/vladimir/.rvm/gems/ruby-2.1.0/specifications/middleman-core-3.2.1.gemspec
I, [2014-01-08T10:37:46.075249 #5877]  INFO -- : 0:  sprockets (2.10.1) from /home/vladimir/.rvm/gems/ruby-2.1.0/specifications/sprockets-2.10.1.gemspec
I, [2014-01-08T10:37:46.075475 #5877]  INFO -- : 0:  sprockets-helpers (1.0.1) from /home/vladimir/.rvm/gems/ruby-2.1.0/specifications/sprockets-helpers-1.0.1.gemspec
I, [2014-01-08T10:37:46.075692 #5877]  INFO -- : 0:  sprockets-sass (1.0.2) from /home/vladimir/.rvm/gems/ruby-2.1.0/specifications/sprockets-sass-1.0.2.gemspec
I, [2014-01-08T10:37:46.075918 #5877]  INFO -- : 0:  middleman-sprockets (3.2.0) from /home/vladimir/.rvm/gems/ruby-2.1.0/specifications/middleman-sprockets-3.2.0.gemspec
I, [2014-01-08T10:37:46.076190 #5877]  INFO -- : 0:  uglifier (2.1.2) from /home/vladimir/.rvm/gems/ruby-2.1.0/specifications/uglifier-2.1.2.gemspec
I, [2014-01-08T10:37:46.076376 #5877]  INFO -- : 0:  middleman (3.2.1) from /home/vladimir/.rvm/gems/ruby-2.1.0/specifications/middleman-3.2.1.gemspec
I, [2014-01-08T10:37:53.486420 #5877]  INFO -- : 0:  net-ssh (2.7.0) from /home/vladimir/.rvm/gems/ruby-2.1.0/specifications/net-ssh-2.7.0.gemspec
I, [2014-01-08T10:37:55.482801 #5877]  INFO -- : 0:  net-sftp (2.1.2) from /home/vladimir/.rvm/gems/ruby-2.1.0/specifications/net-sftp-2.1.2.gemspec
I, [2014-01-08T10:37:57.401568 #5877]  INFO -- : 0:  ptools (1.2.2) from /home/vladimir/.rvm/gems/ruby-2.1.0/specifications/ptools-1.2.2.gemspec
I, [2014-01-08T10:37:59.377463 #5877]  INFO -- : 0:  middleman-deploy (0.1.4) from /home/vladimir/.rvm/gems/ruby-2.1.0/specifications/middleman-deploy-0.1.4.gemspec
I, [2014-01-08T10:37:59.377747 #5877]  INFO -- : 0:  rack-livereload (0.3.15) from /home/vladimir/.rvm/gems/ruby-2.1.0/specifications/rack-livereload-0.3.15.gemspec
I, [2014-01-08T10:37:59.377947 #5877]  INFO -- : 0:  middleman-livereload (3.1.0) from /home/vladimir/.rvm/gems/ruby-2.1.0/specifications/middleman-livereload-3.1.0.gemspec
I, [2014-01-08T10:37:59.378133 #5877]  INFO -- : 0:  temple (0.6.7) from /home/vladimir/.rvm/gems/ruby-2.1.0/specifications/temple-0.6.7.gemspec
I, [2014-01-08T10:37:59.378312 #5877]  INFO -- : 0:  slim (2.0.2) from /home/vladimir/.rvm/gems/ruby-2.1.0/specifications/slim-2.0.2.gemspec
